[21:11:25] [ServerMain/INFO]: Environment: authHost='https://authserver.mojang.com', accountsHost='https://api.mojang.com', sessionHost='https://sessionserver.mojang.com', servicesHost='https://api.minecraftservices.com', name='PROD'
[21:11:27] [ServerMain/INFO]: Loaded 7 recipes
[21:11:27] [Server thread/INFO]: Starting minecraft server version 1.19.4
[21:11:27] [Server thread/WARN]: ****************************
[21:11:27] [Server thread/WARN]: YOU ARE RUNNING THIS SERVER AS AN ADMINISTRATIVE OR ROOT USER. THIS IS NOT ADVISED.
[21:11:27] [Server thread/WARN]: YOU ARE OPENING YOURSELF UP TO POTENTIAL RISKS WHEN DOING THIS.
[21:11:27] [Server thread/WARN]: FOR MORE INFORMATION, SEE https://madelinemiller.dev/blog/root-minecraft-server/
[21:11:27] [Server thread/WARN]: ****************************
[21:11:27] [Server thread/INFO]: Loading properties
[21:11:27] [Server thread/INFO]: This server is running Paper version git-Paper-550 (MC: 1.19.4) (Implementing API version 1.19.4-R0.1-SNAPSHOT) (Git: 483368e on ver/1.19.4)
[21:11:27] [Server thread/INFO]: Server Ping Player Sample Count: 12
[21:11:27] [Server thread/INFO]: Using 4 threads for Netty based IO
[21:11:28] [Server thread/WARN]: [!] The timings profiler has been enabled but has been scheduled for removal from Paper in the future.
    We recommend installing the spark profiler as a replacement: https://spark.lucko.me/
    For more information please visit: https://github.com/PaperMC/Paper/issues/8948
[21:11:28] [Server thread/INFO]: [ChunkTaskScheduler] Chunk system is using 1 I/O threads, 2 worker threads, and gen parallelism of 2 threads
[21:11:28] [Server thread/INFO]: Default game type: SURVIVAL
[21:11:28] [Server thread/INFO]: Generating keypair
[21:11:28] [Server thread/INFO]: Starting Minecraft server on *:25565
[21:11:28] [Server thread/INFO]: Using default channel type
[21:11:28] [Server thread/INFO]: Paper: Using Java compression from Velocity.
[21:11:28] [Server thread/INFO]: Paper: Using Java cipher from Velocity.
[21:11:28] [Server thread/INFO]: [SkinsRestorer] Loading server plugin SkinsRestorer v15.0.4
[21:11:28] [Server thread/INFO]: [LoginSecurity] Loading server plugin LoginSecurity v3.2.1
[21:11:28] [Server thread/INFO]: Server permissions file permissions.yml is empty, ignoring it
[21:11:28] [Server thread/INFO]: [SkinsRestorer] Enabling SkinsRestorer v15.0.4
[21:11:29] [Server thread/INFO]: [33;1m[[32;22mSkinsRestorer[33;1m] [0;39m[32;1mDetected Minecraft [33;1mv1_19_R3[32;1m, using [33;1mPaperSkinRefresher[32;1m.[0;39m
[21:11:29] [Server thread/INFO]: [33;1m[[32;22mSkinsRestorer[33;1m] [0;39mUsing paper join listener![0;39m
[21:11:29] [Server thread/WARN]: **** SERVER IS RUNNING IN OFFLINE/INSECURE MODE!
[21:11:29] [Server thread/WARN]: The server will make no attempt to authenticate usernames. Beware.
[21:11:29] [Server thread/WARN]: While this makes the game possible to play without internet access, it also opens up the ability for hackers to connect with any username they choose.
[21:11:29] [Server thread/WARN]: To change this, set "online-mode" to "true" in the server.properties file.
[21:11:29] [Server thread/INFO]: Preparing level "world"
[21:11:30] [Server thread/INFO]: Preparing start region for dimension minecraft:overworld
[21:11:30] [Server thread/INFO]: Time elapsed: 124 ms
[21:11:30] [Server thread/INFO]: Preparing start region for dimension minecraft:the_nether
[21:11:30] [Server thread/INFO]: Time elapsed: 34 ms
[21:11:30] [Server thread/INFO]: Preparing start region for dimension minecraft:the_end
[21:11:30] [Server thread/INFO]: Time elapsed: 29 ms
[21:11:30] [Server thread/INFO]: [LoginSecurity] Enabling LoginSecurity v3.2.1
[21:11:30] [Server thread/INFO]: [LoginSecurity] Loading base translations from "en_us"
[21:11:30] [Server thread/INFO]: [LoginSecurity] Loading specified translations from "en_us"
[21:11:30] [Server thread/INFO]: [LoginSecurity] Registering commands...
[21:11:30] [Server thread/INFO]: [LoginSecurity] Registering listeners...
[21:11:30] [Server thread/INFO]: [LoginSecurity] Using 1.12+ map captcha renderer
[21:11:30] [Server thread/INFO]: Running delayed init tasks
[21:11:30] [Server thread/INFO]: Done (3.081s)! For help, type "help"
[21:11:30] [Server thread/INFO]: Timings Reset
[21:11:31] [Craft Scheduler Thread - 2 - SkinsRestorer/INFO]: [33;1m[[32;22mSkinsRestorer[33;1m] [0;39m[32;1m----------------------------------------------[0;39m
[21:11:31] [Craft Scheduler Thread - 2 - SkinsRestorer/INFO]: [33;1m[[32;22mSkinsRestorer[33;1m] [0;39m[32;1m    +==================+[0;39m
[21:11:31] [Craft Scheduler Thread - 2 - SkinsRestorer/INFO]: [33;1m[[32;22mSkinsRestorer[33;1m] [0;39m[32;1m    |   SkinsRestorer  |[0;39m
[21:11:31] [Craft Scheduler Thread - 2 - SkinsRestorer/INFO]: [33;1m[[32;22mSkinsRestorer[33;1m] [0;39m[32;1m    |------------------|[0;39m
[21:11:31] [Craft Scheduler Thread - 2 - SkinsRestorer/INFO]: [33;1m[[32;22mSkinsRestorer[33;1m] [0;39m[32;1m    |  [34;1m[4m[21mStandalone Mode[0;39m[32;1m |[0;39m
[21:11:31] [Craft Scheduler Thread - 2 - SkinsRestorer/INFO]: [33;1m[[32;22mSkinsRestorer[33;1m] [0;39m[32;1m    +==================+[0;39m
[21:11:31] [Craft Scheduler Thread - 2 - SkinsRestorer/INFO]: [33;1m[[32;22mSkinsRestorer[33;1m] [0;39m[32;1m----------------------------------------------[0;39m
[21:11:31] [Craft Scheduler Thread - 2 - SkinsRestorer/INFO]: [33;1m[[32;22mSkinsRestorer[33;1m] [0;39m[36;1m    Version: [32;1m15.0.4[0;39m
[21:11:31] [Craft Scheduler Thread - 2 - SkinsRestorer/INFO]: [33;1m[[32;22mSkinsRestorer[33;1m] [0;39m[36;1m    Commit: [32;1m677e967[0;39m
[21:11:31] [Craft Scheduler Thread - 2 - SkinsRestorer/INFO]: [33;1m[[32;22mSkinsRestorer[33;1m] [0;39m[32;1m    This is the latest version![0;39m
[21:11:31] [Craft Scheduler Thread - 2 - SkinsRestorer/INFO]: [33;1m[[32;22mSkinsRestorer[33;1m] [0;39m[32;1m----------------------------------------------[0;39m
[21:14:49] [Server thread/INFO]: Stopping server
[21:14:49] [Server thread/INFO]: [LoginSecurity] Disabling LoginSecurity v3.2.1
[21:14:49] [Server thread/INFO]: [LoginSecurity] Waiting for queued tasks...
[21:14:49] [Server thread/INFO]: [LoginSecurity] ExecutorService shut down, ready to disable.
[21:14:49] [Server thread/INFO]: [SkinsRestorer] Disabling SkinsRestorer v15.0.4
[21:14:49] [Server thread/INFO]: Saving players
[21:14:49] [Server thread/INFO]: Saving worlds
[21:14:49] [Server thread/INFO]: Saving chunks for level 'ServerLevel[world]'/minecraft:overworld
[21:14:49] [Server thread/INFO]: [ChunkHolderManager] Waiting 60s for chunk system to halt for world 'world'
[21:14:49] [Server thread/INFO]: [ChunkHolderManager] Halted chunk system for world 'world'
[21:14:49] [Server thread/INFO]: [ChunkHolderManager] Saving all chunkholders for world 'world'
[21:14:50] [Server thread/INFO]: [ChunkHolderManager] Saved 529 block chunks, 529 entity chunks, 0 poi chunks in world 'world' in 0,99s
[21:14:50] [Server thread/INFO]: ThreadedAnvilChunkStorage (world): All chunks are saved
[21:14:50] [Server thread/INFO]: Saving chunks for level 'ServerLevel[world_nether]'/minecraft:the_nether
[21:14:50] [Server thread/INFO]: [ChunkHolderManager] Waiting 60s for chunk system to halt for world 'world_nether'
[21:14:50] [Server thread/INFO]: [ChunkHolderManager] Halted chunk system for world 'world_nether'
[21:14:50] [Server thread/INFO]: [ChunkHolderManager] Saving all chunkholders for world 'world_nether'
[21:14:51] [Server thread/INFO]: [ChunkHolderManager] Saved 529 block chunks, 529 entity chunks, 0 poi chunks in world 'world_nether' in 0,65s
[21:14:51] [Server thread/INFO]: ThreadedAnvilChunkStorage (DIM-1): All chunks are saved
[21:14:51] [Server thread/INFO]: Saving chunks for level 'ServerLevel[world_the_end]'/minecraft:the_end
[21:14:51] [Server thread/INFO]: [ChunkHolderManager] Waiting 60s for chunk system to halt for world 'world_the_end'
[21:14:51] [Server thread/INFO]: [ChunkHolderManager] Halted chunk system for world 'world_the_end'
[21:14:51] [Server thread/INFO]: [ChunkHolderManager] Saving all chunkholders for world 'world_the_end'
[21:14:51] [Server thread/INFO]: [ChunkHolderManager] Saved 529 block chunks, 529 entity chunks, 0 poi chunks in world 'world_the_end' in 0,21s
[21:14:51] [Server thread/INFO]: ThreadedAnvilChunkStorage (DIM1): All chunks are saved
[21:14:51] [Server thread/INFO]: ThreadedAnvilChunkStorage: All dimensions are saved
[21:14:51] [Server thread/INFO]: Flushing Chunk IO
[21:14:51] [Server thread/INFO]: Closing Thread Pool
[21:14:51] [Server thread/INFO]: Closing Server
